[INFO] Scanning for projects...
[INFO] 
[INFO] ------< com.course.ideology:code-intel-analysis-platform-backend >------
[INFO] Building code-intel-analysis-platform-backend 0.1.0
[INFO]   from pom.xml
[INFO] --------------------------------[ jar ]---------------------------------
[INFO] 
[INFO] >>> spring-boot:2.7.18:run (default-cli) > test-compile @ code-intel-analysis-platform-backend >>>
[INFO] 
[INFO] --- resources:3.2.0:resources (default-resources) @ code-intel-analysis-platform-backend ---
[INFO] Using 'UTF-8' encoding to copy filtered resources.
[INFO] Using 'UTF-8' encoding to copy filtered properties files.
[INFO] Copying 1 resource
[INFO] Copying 5 resources
[INFO] 
[INFO] --- compiler:3.10.1:compile (default-compile) @ code-intel-analysis-platform-backend ---
[INFO] Nothing to compile - all classes are up to date
[INFO] 
[INFO] --- resources:3.2.0:testResources (default-testResources) @ code-intel-analysis-platform-backend ---
[INFO] Using 'UTF-8' encoding to copy filtered resources.
[INFO] Using 'UTF-8' encoding to copy filtered properties files.
[INFO] skip non existing resourceDirectory E:\UserData\13199\IdeaProjects\code-intel-analysis-platform\backend\src\test\resources
[INFO] 
[INFO] --- compiler:3.10.1:testCompile (default-testCompile) @ code-intel-analysis-platform-backend ---
[INFO] Nothing to compile - all classes are up to date
[INFO] 
[INFO] <<< spring-boot:2.7.18:run (default-cli) < test-compile @ code-intel-analysis-platform-backend <<<
[INFO] 
[INFO] 
[INFO] --- spring-boot:2.7.18:run (default-cli) @ code-intel-analysis-platform-backend ---
[INFO] Attaching agents: []

  .   ____          _            __ _ _
 /\\ / ___'_ __ _ _(_)_ __  __ _ \ \ \ \
( ( )\___ | '_ | '_| | '_ \/ _` | \ \ \ \
 \\/  ___)| |_)| | | | | || (_| |  ) ) ) )
  '  |____| .__|_| |_|_| |_\__, | / / / /
 =========|_|==============|___/=/_/_/_/
 :: Spring Boot ::               (v2.7.18)

2026-04-22 22:12:45.354  INFO 33916 --- [           main] com.course.ideology.PlatformApplication  : Starting PlatformApplication using Java 17.0.17 on Kepler with PID 33916 (E:\UserData\13199\IdeaProjects\code-intel-analysis-platform\backend\target\classes started by 13199 in E:\UserData\13199\IdeaProjects\code-intel-analysis-platform\backend)
2026-04-22 22:12:45.357  INFO 33916 --- [           main] com.course.ideology.PlatformApplication  : No active profile set, falling back to 1 default profile: "default"
2026-04-22 22:12:46.427  INFO 33916 --- [           main] o.s.b.w.embedded.tomcat.TomcatWebServer  : Tomcat initialized with port(s): 18081 (http)
2026-04-22 22:12:46.438  INFO 33916 --- [           main] o.apache.catalina.core.StandardService   : Starting service [Tomcat]
2026-04-22 22:12:46.439  INFO 33916 --- [           main] org.apache.catalina.core.StandardEngine  : Starting Servlet engine: [Apache Tomcat/9.0.83]
2026-04-22 22:12:46.555  INFO 33916 --- [           main] o.a.c.c.C.[Tomcat].[localhost].[/]       : Initializing Spring embedded WebApplicationContext
2026-04-22 22:12:46.556  INFO 33916 --- [           main] w.s.c.ServletWebServerApplicationContext : Root WebApplicationContext: initialization completed in 1141 ms
2026-04-22 22:12:47.243  INFO 33916 --- [           main] o.s.b.w.embedded.tomcat.TomcatWebServer  : Tomcat started on port(s): 18081 (http) with context path ''
2026-04-22 22:12:47.252  INFO 33916 --- [           main] com.course.ideology.PlatformApplication  : Started PlatformApplication in 2.366 seconds (JVM running for 2.694)
2026-04-22 22:12:47.255  INFO 33916 --- [           main] c.c.i.s.NuteraReportDatabaseStartupCheck : [Nutera-DB] report-db.enabled=false, startup check skipped.
2026-04-22 22:12:47.902  INFO 33916 --- [io-18081-exec-1] o.a.c.c.C.[Tomcat].[localhost].[/]       : Initializing Spring DispatcherServlet 'dispatcherServlet'
2026-04-22 22:12:47.903  INFO 33916 --- [io-18081-exec-1] o.s.web.servlet.DispatcherServlet        : Initializing Servlet 'dispatcherServlet'
2026-04-22 22:12:47.904  INFO 33916 --- [io-18081-exec-1] o.s.web.servlet.DispatcherServlet        : Completed initialization in 1 ms
